<?xml version="1.0" encoding="UTF-8"?>
<!-- Generated by org.testng.reporters.JUnitXMLReporter -->
<testsuite ignored="1" hostname="Razan" failures="0" tests="3" name="Default test" time="0.97" errors="0" timestamp="2024-10-13T21:58:39 AST">
  <testcase classname="databaseProject.DataTest" name="AddToDatabase" time="0.033"/>
  <testcase classname="databaseProject.DataTest" name="updateData" time="0.014"/>
  <testcase classname="databaseProject.DataTest" name="GetFromDatabase" time="0.06"/>
  <testcase classname="databaseProject.DataTest" name="DeleteData" time="0.0">
    <ignored/>
  </testcase> <!-- DeleteData -->
</testsuite> <!-- Default test -->
