<?xml version="1.0" encoding="UTF-8"?>
<testng-results ignored="1" total="4" passed="3" failed="0" skipped="0">
  <reporter-output>
  </reporter-output>
  <suite started-at="2024-10-13T21:58:38 AST" name="Default suite" finished-at="2024-10-13T21:58:39 AST" duration-ms="970">
    <groups>
    </groups>
    <test started-at="2024-10-13T21:58:38 AST" name="Default test" finished-at="2024-10-13T21:58:39 AST" duration-ms="970">
      <class name="databaseProject.DataTest">
        <test-method is-config="true" signature="mySetup()[pri:0, instance:databaseProject.DataTest@7db12bb6]" started-at="2024-10-13T21:58:38 AST" name="mySetup" finished-at="2024-10-13T21:58:39 AST" duration-ms="815" status="PASS">
          <reporter-output>
          </reporter-output>
        </test-method> <!-- mySetup -->
        <test-method signature="AddToDatabase()[pri:1, instance:databaseProject.DataTest@7db12bb6]" started-at="2024-10-13T21:58:39 AST" name="AddToDatabase" finished-at="2024-10-13T21:58:39 AST" duration-ms="33" status="PASS">
          <reporter-output>
          </reporter-output>
        </test-method> <!-- AddToDatabase -->
        <test-method signature="updateData()[pri:2, instance:databaseProject.DataTest@7db12bb6]" started-at="2024-10-13T21:58:39 AST" name="updateData" finished-at="2024-10-13T21:58:39 AST" duration-ms="14" status="PASS">
          <reporter-output>
          </reporter-output>
        </test-method> <!-- updateData -->
        <test-method signature="GetFromDatabase()[pri:3, instance:databaseProject.DataTest@7db12bb6]" started-at="2024-10-13T21:58:39 AST" name="GetFromDatabase" finished-at="2024-10-13T21:58:39 AST" duration-ms="60" status="PASS">
          <reporter-output>
          </reporter-output>
        </test-method> <!-- GetFromDatabase -->
      </class> <!-- databaseProject.DataTest -->
    </test> <!-- Default test -->
  </suite> <!-- Default suite -->
</testng-results>
